Determining if the pthread_create exist failed with the following output:
Change Dir: /home/antifrizz/CLionProjects/FutureAndPromise/cmake-build-debug/CMakeFiles/CMakeTmp

Run Build Command:"/usr/bin/make" "cmTC_583de/fast"
/usr/bin/make -f CMakeFiles/cmTC_583de.dir/build.make CMakeFiles/cmTC_583de.dir/build
make[1]: вход в каталог «/home/antifrizz/CLionProjects/FutureAndPromise/cmake-build-debug/CMakeFiles/CMakeTmp»
Building C object CMakeFiles/cmTC_583de.dir/CheckSymbolExists.c.o
/usr/bin/cc    -o CMakeFiles/cmTC_583de.dir/CheckSymbolExists.c.o   -c /home/antifrizz/CLionProjects/FutureAndPromise/cmake-build-debug/CMakeFiles/CMakeTmp/CheckSymbolExists.c
Linking C executable cmTC_583de
/opt/clion-2017.3/bin/cmake/bin/cmake -E cmake_link_script CMakeFiles/cmTC_583de.dir/link.txt --verbose=1
/usr/bin/cc      -rdynamic CMakeFiles/cmTC_583de.dir/CheckSymbolExists.c.o  -o cmTC_583de 
CMakeFiles/cmTC_583de.dir/CheckSymbolExists.c.o: In function `main':
CheckSymbolExists.c:(.text+0x16): undefined reference to `pthread_create'
collect2: error: ld returned 1 exit status
CMakeFiles/cmTC_583de.dir/build.make:97: ошибка выполнения рецепта для цели «cmTC_583de»
make[1]: *** [cmTC_583de] Ошибка 1
make[1]: выход из каталога «/home/antifrizz/CLionProjects/FutureAndPromise/cmake-build-debug/CMakeFiles/CMakeTmp»
Makefile:126: ошибка выполнения рецепта для цели «cmTC_583de/fast»
make: *** [cmTC_583de/fast] Ошибка 2

File /home/antifrizz/CLionProjects/FutureAndPromise/cmake-build-debug/CMakeFiles/CMakeTmp/CheckSymbolExists.c:
/* */
#include <pthread.h>

int main(int argc, char** argv)
{
  (void)argv;
#ifndef pthread_create
  return ((int*)(&pthread_create))[argc];
#else
  (void)argc;
  return 0;
#endif
}

